<?xml version="1.0" encoding="UTF-8"?>
<!-- Generated by org.testng.reporters.JUnitReportReporter -->
<testsuite hostname="LAPTOP-AJH7QR8O" failures="0" tests="1" name="tests.SmokeTests" time="1.621" errors="0" timestamp="2022-03-22T23:36:48 GMT" skipped="0">
  <testcase classname="tests.SmokeTests" name="Login" time="1.621"/>
  <system-out/>
</testsuite> <!-- tests.SmokeTests -->
